C:\USERS\ART3MIS\DOCUMENTS\VISUAL STUDIO 2012\PROJECTS\TILTSHARP\TILTSHARP\RELEASE\TILTSHARP.OBJ
C:\USERS\ART3MIS\DOCUMENTS\VISUAL STUDIO 2012\PROJECTS\TILTSHARP\TILTSHARP\RELEASE\PLUGINSDK.OBJ
C:\USERS\ART3MIS\DOCUMENTS\VISUAL STUDIO 2012\PROJECTS\TILTSHARP\TILTSHARP\RELEASE\VC110.PDB
C:\USERS\ART3MIS\DOCUMENTS\VISUAL STUDIO 2012\PROJECTS\TILTSHARP\RELEASE\TILTSHARP.DLL
C:\USERS\ART3MIS\DOCUMENTS\VISUAL STUDIO 2012\PROJECTS\TILTSHARP\RELEASE\TILTSHARP.PDB
C:\Users\Art3mis\Documents\Visual Studio 2012\Projects\TiltSharp\Release\TiltSharp.lib
C:\Users\Art3mis\Documents\Visual Studio 2012\Projects\TiltSharp\Release\TiltSharp.exp
C:\Users\Art3mis\Documents\Visual Studio 2012\Projects\TiltSharp\TiltSharp\Release\PluginSDK.obj
C:\Users\Art3mis\Documents\Visual Studio 2012\Projects\TiltSharp\TiltSharp\Release\TiltSharp.obj
C:\Users\Art3mis\Documents\Visual Studio 2012\Projects\TiltSharp\TiltSharp\Release\cl.command.1.tlog
C:\Users\Art3mis\Documents\Visual Studio 2012\Projects\TiltSharp\TiltSharp\Release\CL.read.1.tlog
C:\Users\Art3mis\Documents\Visual Studio 2012\Projects\TiltSharp\TiltSharp\Release\CL.write.1.tlog
C:\Users\Art3mis\Documents\Visual Studio 2012\Projects\TiltSharp\TiltSharp\Release\link-cvtres.read.1.tlog
C:\Users\Art3mis\Documents\Visual Studio 2012\Projects\TiltSharp\TiltSharp\Release\link-cvtres.write.1.tlog
C:\Users\Art3mis\Documents\Visual Studio 2012\Projects\TiltSharp\TiltSharp\Release\link-rc.read.1.tlog
C:\Users\Art3mis\Documents\Visual Studio 2012\Projects\TiltSharp\TiltSharp\Release\link-rc.write.1.tlog
C:\Users\Art3mis\Documents\Visual Studio 2012\Projects\TiltSharp\TiltSharp\Release\link.command.1.tlog
C:\Users\Art3mis\Documents\Visual Studio 2012\Projects\TiltSharp\TiltSharp\Release\link.read.1.tlog
C:\Users\Art3mis\Documents\Visual Studio 2012\Projects\TiltSharp\TiltSharp\Release\link.write.1.tlog
C:\Users\Art3mis\Documents\Visual Studio 2012\Projects\TiltSharp\TiltSharp\Release\TiltSharp.write.1.tlog
C:\Users\Art3mis\Documents\Visual Studio 2012\Projects\TiltSharp\TiltSharp\Release\vc110.pdb
C:\Users\Art3mis\Documents\Visual Studio 2012\Projects\TiltSharp\Release\TiltSharp.pdb
C:\Users\Art3mis\Documents\Visual Studio 2012\Projects\TiltSharp\Release\TiltSharp.dll
